0	FFFFF8FF
0	FFFFF9FF
0	FFFFFAFF
0	FFFFFBFF
0	FFFFFCFF
0	FFFFFDFF
0	FFFFFEFF
0	FFFFFFFF
0	FFFFF8FF
0	FFFFF9FF
0	FFFFFAFF
0	FFFFFBFF
0	FFFFFCFF
0	FFFFFDFF
0	FFFFFEFF
0	FFFFFFFF
0	00FFF8FF
0	00FFF9FF
0	00FFFAFF
0	00FFFBFF
0	00FFFCFF
0	00FFFDFF
0	00FFFEFF
0	00FFFFFF
0	00FFF8FF
0	00FFF9FF
0	00FFFAFF
0	00FFFBFF
0	00FFFCFF
0	00FFFDFF
0	00FFFEFF
0	00FFFFFF
0	00FFF8FF
0	01FFF9FF
0	00FFFAFF
0	01FFFBFF
0	00FFFCFF
0	01FFFDFF
0	00FFFEFF
0	01FFFFFF
0	01FFF8FF
0	00FFF9FF
0	01FFFAFF
0	00FFFBFF
0	01FFFCFF
0	00FFFDFF
0	01FFFEFF
0	00FFFFFF
0	FFFFF8FF
0	FFFFF9FF
0	FFFFFAFF
0	FFFFFBFF
0	FFFFFCFF
0	FFFFFDFF
0	FFFFFEFF
0	FFFFFFFF
0	FFFFF8FF
0	FFFFFAFF
0	FFFFFBFF
0	FFFFFFFF
0	FFFFF9FF
0	FFFFFCFF
0	FFFFFDFF
0	FFFFFEFF
